INFO:root:\u0110\u0103ng nh\u1eadp thành công
INFO:root:Vui lòng \u0111\u1ee3i, s\u1ea3n ph\u1ea9m \u0111ang ti\u1ebfn hành load
INFO:root:\u0110\u0103ng nh\u1eadp thành công
INFO:root:Vui lòng \u0111\u1ee3i, s\u1ea3n ph\u1ea9m \u0111ang ti\u1ebfn hành load
ERROR:root:L\u1ed7i khi scraping s\u1ea3n ph\u1ea9m: 'list' object has no attribute 'replace'
INFO:root:\u0110\u0103ng nh\u1eadp thành công
INFO:root:Vui lòng \u0111\u1ee3i, s\u1ea3n ph\u1ea9m \u0111ang ti\u1ebfn hành load
ERROR:root:L\u1ed7i khi scraping s\u1ea3n ph\u1ea9m: 'list' object has no attribute 'replace'
INFO:root:\u0110\u0103ng nh\u1eadp thành công
INFO:root:Vui lòng \u0111\u1ee3i, s\u1ea3n ph\u1ea9m \u0111ang ti\u1ebfn hành load
ERROR:root:L\u1ed7i khi scraping s\u1ea3n ph\u1ea9m: 'list' object has no attribute 'replace'
INFO:root:\u0110\u0103ng nh\u1eadp thành công
INFO:root:Vui lòng \u0111\u1ee3i, s\u1ea3n ph\u1ea9m \u0111ang ti\u1ebfn hành load
ERROR:root:L\u1ed7i khi scraping s\u1ea3n ph\u1ea9m: 'list' object has no attribute 'replace'
INFO:root:\u0110\u0103ng nh\u1eadp thành công
INFO:root:Vui lòng \u0111\u1ee3i, s\u1ea3n ph\u1ea9m \u0111ang ti\u1ebfn hành load
ERROR:root:L\u1ed7i khi scraping s\u1ea3n ph\u1ea9m: 'list' object has no attribute 'replace'
INFO:root:\u0110\u0103ng nh\u1eadp thành công
INFO:root:Vui lòng \u0111\u1ee3i, s\u1ea3n ph\u1ea9m \u0111ang ti\u1ebfn hành load
INFO:root:Link : https://thuocsi.vn/product/medx-enterogermina-2-billion5ml-sanofi-hop20ong5ml
INFO:root:Gia : 144000d
ERROR:root:L\u1ed7i khi scraping s\u1ea3n ph\u1ea9m: name 'a' is not defined
INFO:root:\u0110\u0103ng nh\u1eadp thành công
INFO:root:Vui lòng \u0111\u1ee3i, s\u1ea3n ph\u1ea9m \u0111ang ti\u1ebfn hành load
INFO:root:Link : https://thuocsi.vn/product/medx-enterogermina-2-billion5ml-sanofi-hop20ong5ml
INFO:root:Gia : 144000d
ERROR:root:L\u1ed7i khi scraping s\u1ea3n ph\u1ea9m: name 'a' is not defined
INFO:root:\u0110\u0103ng nh\u1eadp thành công
INFO:root:Vui lòng \u0111\u1ee3i, s\u1ea3n ph\u1ea9m \u0111ang ti\u1ebfn hành load
INFO:root:Link : https://thuocsi.vn/product/medx-enterogermina-2-billion5ml-sanofi-hop20ong5ml
INFO:root:Gia : 144000d
ERROR:root:L\u1ed7i khi scraping s\u1ea3n ph\u1ea9m: name 'a' is not defined
INFO:root:\u0110\u0103ng nh\u1eadp thành công
INFO:root:Vui lòng \u0111\u1ee3i, s\u1ea3n ph\u1ea9m \u0111ang ti\u1ebfn hành load
INFO:root:Link : https://thuocsi.vn/product/medx-enterogermina-2-billion5ml-sanofi-hop20ong5ml
INFO:root:Gia : 144000d
INFO:root:\u0110\u0103ng nh\u1eadp thành công
INFO:root:Vui lòng \u0111\u1ee3i, s\u1ea3n ph\u1ea9m \u0111ang ti\u1ebfn hành load
INFO:root:Link : https://thuocsi.vn/product/medx-enterogermina-2-billion5ml-sanofi-hop20ong5ml
INFO:root:Gia : 144000d
INFO:root:\u0110\u0103ng nh\u1eadp thành công
INFO:root:Vui lòng \u0111\u1ee3i, s\u1ea3n ph\u1ea9m \u0111ang ti\u1ebfn hành load
