INFO:scrapy.extensions.telnet:Telnet Password: 98da059d7610c6b0
WARNING:root:Can not find chromedriver for currently installed chrome version.
INFO:scrapy.middleware:Enabled extensions:
['scrapy.extensions.corestats.CoreStats',
 'scrapy.extensions.telnet.TelnetConsole',
 'scrapy.extensions.logstats.LogStats']
INFO:scrapy.middleware:Enabled downloader middlewares:
['scrapy.downloadermiddlewares.httpauth.HttpAuthMiddleware',
 'scrapy.downloadermiddlewares.downloadtimeout.DownloadTimeoutMiddleware',
 'scrapy.downloadermiddlewares.defaultheaders.DefaultHeadersMiddleware',
 'scrapy.downloadermiddlewares.useragent.UserAgentMiddleware',
 'scrapy.downloadermiddlewares.retry.RetryMiddleware',
 'scrapy.downloadermiddlewares.redirect.MetaRefreshMiddleware',
 'scrapy.downloadermiddlewares.httpcompression.HttpCompressionMiddleware',
 'scrapy.downloadermiddlewares.redirect.RedirectMiddleware',
 'scrapy.downloadermiddlewares.cookies.CookiesMiddleware',
 'scrapy.downloadermiddlewares.httpproxy.HttpProxyMiddleware',
 'scrapy.downloadermiddlewares.stats.DownloaderStats']
INFO:scrapy.middleware:Enabled spider middlewares:
['scrapy.spidermiddlewares.httperror.HttpErrorMiddleware',
 'scrapy.spidermiddlewares.offsite.OffsiteMiddleware',
 'scrapy.spidermiddlewares.referer.RefererMiddleware',
 'scrapy.spidermiddlewares.urllength.UrlLengthMiddleware',
 'scrapy.spidermiddlewares.depth.DepthMiddleware']
INFO:scrapy.middleware:Enabled item pipelines:
[]
INFO:scrapy.core.engine:Spider opened
INFO:scrapy.extensions.logstats:Crawled 0 pages (at 0 pages/min), scraped 0 items (at 0 items/min)
INFO:scrapy.extensions.telnet:Telnet console listening on 127.0.0.1:6023
DEBUG:scrapy.core.engine:Crawled (200) <GET https://chosithuoc.com/hoa-my-pham-trang-1/> (referer: None)
DEBUG:scrapy.core.engine:Crawled (200) <GET https://chosithuoc.com/irritated-eye-drops-vizulize-10ml-giam-ngua-kich-ung-mat> (referer: https://chosithuoc.com/hoa-my-pham-trang-1/)
INFO:root:\u0110\u0103ng nh\u1eadp thành công PHARMACITY
INFO:root:Vui lòng \u0111\u1ee3i, s\u1ea3n ph\u1ea9m \u0111ang ti\u1ebfn hành load
INFO:root:\u0110\u0103ng nh\u1eadp thành công LONGCHAU
DEBUG:scrapy.core.engine:Crawled (200) <GET https://chosithuoc.com/haut-haare-nagel-dragees-merz-spezial-120-vien-vien-uong-ho-tro-dep-da-toc-va-mong> (referer: https://chosithuoc.com/hoa-my-pham-trang-1/)
DEBUG:scrapy.core.engine:Crawled (200) <GET https://chosithuoc.com/vitamin-a-e-dry-eyes-eye-drops-vizulize-10ml-giup-giam-kho-mat-moi-mat> (referer: https://chosithuoc.com/hoa-my-pham-trang-1/)
INFO:root:\u0110\u0103ng nh\u1eadp thành công ANKHANG
DEBUG:scrapy.core.engine:Crawled (200) <GET https://chosithuoc.com/acnewar-plus-gel-dapsone-and-adapalene-admiris-15g-gel-tri-mun> (referer: https://chosithuoc.com/hoa-my-pham-trang-1/)
DEBUG:scrapy.core.engine:Crawled (200) <GET https://chosithuoc.com/siro-frangold-fezzin-hop-20-ong-x-10ml> (referer: https://chosithuoc.com/hoa-my-pham-trang-1/)
DEBUG:scrapy.core.engine:Crawled (200) <GET https://chosithuoc.com/ban-chai-danh-rang-ich-nhi-tren-6-tuoi> (referer: https://chosithuoc.com/hoa-my-pham-trang-1/)
DEBUG:scrapy.core.engine:Crawled (200) <GET https://chosithuoc.com/antiance-skin-care-gel-sohan-20g-gel-tri-mun-lam-mo-vet-tham> (referer: https://chosithuoc.com/hoa-my-pham-trang-1/)
DEBUG:scrapy.core.engine:Crawled (200) <GET https://chosithuoc.com/xit-mui-nano-bac-pharma-global-75ml> (referer: https://chosithuoc.com/hoa-my-pham-trang-1/)
DEBUG:scrapy.core.engine:Crawled (200) <GET https://chosithuoc.com/haar-activ-dragees-merz-spezial-120-vien-vien-uong-chong-rung-toc-moc-toc> (referer: https://chosithuoc.com/hoa-my-pham-trang-1/)
INFO:root:\u0110\u0103ng nh\u1eadp thành công MEDIGOAPP
DEBUG:scrapy.core.engine:Crawled (200) <GET https://chosithuoc.com/skinshine-cream-cadia-15g-kem-tri-nam-hydroquinone-tretinoin-mometasone> (referer: https://chosithuoc.com/hoa-my-pham-trang-1/)
DEBUG:scrapy.core.engine:Crawled (200) <GET https://chosithuoc.com/bioderma-atoderm-stick-levres-4g-son-duong-lam-diu-moi-kho-nut-ne> (referer: https://chosithuoc.com/hoa-my-pham-trang-1/)
DEBUG:scrapy.core.engine:Crawled (200) <GET https://chosithuoc.com/cream-anti-vergetue-special-mum-100ml-giup-lam-mo-cac-nep-nhan-tren-da> (referer: https://chosithuoc.com/hoa-my-pham-trang-1/)
DEBUG:scrapy.core.engine:Crawled (200) <GET https://chosithuoc.com/minoxidil-2-topical-solution-usp-60ml-dung-dich-moc-toc> (referer: https://chosithuoc.com/hoa-my-pham-trang-1/)
DEBUG:scrapy.core.engine:Crawled (200) <GET https://chosithuoc.com/calendula-cream-special-kid-25g-kem-duong-am-cho-be> (referer: https://chosithuoc.com/hoa-my-pham-trang-1/)
DEBUG:scrapy.core.engine:Crawled (200) <GET https://chosithuoc.com/transino-melano-signal-essence-50g> (referer: https://chosithuoc.com/hoa-my-pham-trang-1/)
INFO:root:\u0110\u0103ng nh\u1eadp thành công PHAREX
DEBUG:scrapy.core.engine:Crawled (200) <GET https://chosithuoc.com/dau-goi-anti-dandruff-shampoo-dizigone-100ml-ho-tro-lam-sach-da-dau> (referer: https://chosithuoc.com/hoa-my-pham-trang-1/)
DEBUG:scrapy.core.engine:Crawled (200) <GET https://chosithuoc.com/derma-sh-hell-balm-50ml-kem-duong-am-lam-mem-da> (referer: https://chosithuoc.com/hoa-my-pham-trang-1/)
DEBUG:scrapy.core.engine:Crawled (200) <GET https://chosithuoc.com/samoxyl-5-hair-regrowth-treatment-shyan-60ml-tinh-chat-kich-thich-moc-toc> (referer: https://chosithuoc.com/hoa-my-pham-trang-1/)
DEBUG:scrapy.core.engine:Crawled (200) <GET https://chosithuoc.com/nuoc-tam-thao-duoc-sachi-0-250ml-ho-tro-phong-ham-ngua-rom-say-mun-nhot> (referer: https://chosithuoc.com/hoa-my-pham-trang-1/)
DEBUG:scrapy.core.engine:Crawled (200) <GET https://chosithuoc.com/sachi-kem-da-nang-0-20g-ho-tro-viem-da-mun-nhot> (referer: https://chosithuoc.com/hoa-my-pham-trang-1/)
DEBUG:scrapy.core.engine:Crawled (200) <GET https://chosithuoc.com/finpecia-1mg-cipla-hop-150-vien> (referer: https://chosithuoc.com/hoa-my-pham-trang-1/)
DEBUG:scrapy.core.engine:Crawled (200) <GET https://chosithuoc.com/megaduo-plus-gel-15g-dieu-tri-ngua-mun-trung-ca> (referer: https://chosithuoc.com/hoa-my-pham-trang-1/)
DEBUG:scrapy.core.engine:Crawled (200) <GET https://chosithuoc.com/minoxidil-5-topical-solution-usp-60ml-dung-dich-moc-toc> (referer: https://chosithuoc.com/hoa-my-pham-trang-1/)
DEBUG:scrapy.core.engine:Crawled (200) <GET https://chosithuoc.com/nuoc-tam-thao-duoc-sachi-0-10-goi-x-10ml-ho-tro-phong-ham-ngua-rom-say-mun-nhot> (referer: https://chosithuoc.com/hoa-my-pham-trang-1/)
INFO:scrapy.core.engine:Closing spider (finished)
INFO:scrapy.statscollectors:Dumping Scrapy stats:
{'downloader/request_bytes': 9172,
 'downloader/request_count': 25,
 'downloader/request_method_count/GET': 25,
 'downloader/response_bytes': 608973,
 'downloader/response_count': 25,
 'downloader/response_status_count/200': 25,
 'elapsed_time_seconds': 24.587763,
 'finish_reason': 'finished',
 'finish_time': datetime.datetime(2023, 9, 29, 2, 22, 14, 493316),
 'httpcompression/response_bytes': 4147291,
 'httpcompression/response_count': 25,
 'log_count/DEBUG': 26,
 'log_count/INFO': 10,
 'log_count/WARNING': 1,
 'request_depth_max': 1,
 'response_received_count': 25,
 'scheduler/dequeued': 25,
 'scheduler/dequeued/memory': 25,
 'scheduler/enqueued': 25,
 'scheduler/enqueued/memory': 25,
 'start_time': datetime.datetime(2023, 9, 29, 2, 21, 49, 905553)}
INFO:scrapy.core.engine:Spider closed (finished)
INFO:root:\u0110\u0103ng nh\u1eadp thành công THUOCSI_VN
INFO:root:Vui lòng \u0111\u1ee3i, s\u1ea3n ph\u1ea9m \u0111ang ti\u1ebfn hành load
ERROR:root:Error scraping product: Message: stale element reference: stale element not found
  (Session info: chrome=117.0.5938.132); For documentation on this error, please visit: https://www.selenium.dev/documentation/webdriver/troubleshooting/errors#stale-element-reference-exception
Stacktrace:
	GetHandleVerifier [0x00007FF65E987892+54818]
	(No symbol) [0x00007FF65E8F6AC2]
	(No symbol) [0x00007FF65E7ADA3B]
	(No symbol) [0x00007FF65E7B246D]
	(No symbol) [0x00007FF65E7B3F5F]
	(No symbol) [0x00007FF65E7B4050]
	(No symbol) [0x00007FF65E7E9D2E]
	(No symbol) [0x00007FF65E80EAAA]
	(No symbol) [0x00007FF65E7E5036]
	(No symbol) [0x00007FF65E80ECC0]
	(No symbol) [0x00007FF65E8275A2]
	(No symbol) [0x00007FF65E80E883]
	(No symbol) [0x00007FF65E7E3691]
	(No symbol) [0x00007FF65E7E48D4]
	GetHandleVerifier [0x00007FF65ECEB992+3610402]
	GetHandleVerifier [0x00007FF65ED41860+3962352]
	GetHandleVerifier [0x00007FF65ED39D4F+3930847]
	GetHandleVerifier [0x00007FF65EA23646+693206]
	(No symbol) [0x00007FF65E901628]
	(No symbol) [0x00007FF65E8FD934]
	(No symbol) [0x00007FF65E8FDA62]
	(No symbol) [0x00007FF65E8EE113]
	BaseThreadInitThunk [0x00007FF96629257D+29]
	RtlUserThreadStart [0x00007FF9675EAA68+40]

ERROR:root:Error scraping product: Message: stale element reference: stale element not found
  (Session info: chrome=117.0.5938.132); For documentation on this error, please visit: https://www.selenium.dev/documentation/webdriver/troubleshooting/errors#stale-element-reference-exception
Stacktrace:
	GetHandleVerifier [0x00007FF65E987892+54818]
	(No symbol) [0x00007FF65E8F6AC2]
	(No symbol) [0x00007FF65E7ADA3B]
	(No symbol) [0x00007FF65E7B246D]
	(No symbol) [0x00007FF65E7B3F5F]
	(No symbol) [0x00007FF65E7B4050]
	(No symbol) [0x00007FF65E7E9D2E]
	(No symbol) [0x00007FF65E80EAAA]
	(No symbol) [0x00007FF65E7E5036]
	(No symbol) [0x00007FF65E80ECC0]
	(No symbol) [0x00007FF65E8275A2]
	(No symbol) [0x00007FF65E80E883]
	(No symbol) [0x00007FF65E7E3691]
	(No symbol) [0x00007FF65E7E48D4]
	GetHandleVerifier [0x00007FF65ECEB992+3610402]
	GetHandleVerifier [0x00007FF65ED41860+3962352]
	GetHandleVerifier [0x00007FF65ED39D4F+3930847]
	GetHandleVerifier [0x00007FF65EA23646+693206]
	(No symbol) [0x00007FF65E901628]
	(No symbol) [0x00007FF65E8FD934]
	(No symbol) [0x00007FF65E8FDA62]
	(No symbol) [0x00007FF65E8EE113]
	BaseThreadInitThunk [0x00007FF96629257D+29]
	RtlUserThreadStart [0x00007FF9675EAA68+40]

