2023-09-12 15:10:47,138 [ERROR] - Error scraping product: HTTPConnectionPool(host='localhost', port=59253): Max retries exceeded with url: /session/7624613c4dfaac2c8bb87a84ef2600c6/url (Caused by NewConnectionError('<urllib3.connection.HTTPConnection object at 0x000001D1CC81A8D0>: Failed to establish a new connection: [WinError 10061] No connection could be made because the target machine actively refused it'))
2023-09-12 15:11:23,650 [ERROR] - Error scraping product: HTTPConnectionPool(host='localhost', port=59253): Max retries exceeded with url: /session/7624613c4dfaac2c8bb87a84ef2600c6/url (Caused by NewConnectionError('<urllib3.connection.HTTPConnection object at 0x000001D1CC822F50>: Failed to establish a new connection: [WinError 10061] No connection could be made because the target machine actively refused it'))
2023-09-12 15:12:00,262 [ERROR] - Error scraping product: HTTPConnectionPool(host='localhost', port=59253): Max retries exceeded with url: /session/7624613c4dfaac2c8bb87a84ef2600c6/url (Caused by NewConnectionError('<urllib3.connection.HTTPConnection object at 0x000001D1CC822D50>: Failed to establish a new connection: [WinError 10061] No connection could be made because the target machine actively refused it'))
2023-09-12 15:12:36,802 [ERROR] - Error scraping product: HTTPConnectionPool(host='localhost', port=59253): Max retries exceeded with url: /session/7624613c4dfaac2c8bb87a84ef2600c6/url (Caused by NewConnectionError('<urllib3.connection.HTTPConnection object at 0x000001D1CC838490>: Failed to establish a new connection: [WinError 10061] No connection could be made because the target machine actively refused it'))
2023-09-12 15:13:13,322 [ERROR] - Error scraping product: HTTPConnectionPool(host='localhost', port=59253): Max retries exceeded with url: /session/7624613c4dfaac2c8bb87a84ef2600c6/url (Caused by NewConnectionError('<urllib3.connection.HTTPConnection object at 0x000001D1CC81B3D0>: Failed to establish a new connection: [WinError 10061] No connection could be made because the target machine actively refused it'))
2023-09-12 15:13:49,984 [ERROR] - Error scraping product: HTTPConnectionPool(host='localhost', port=59253): Max retries exceeded with url: /session/7624613c4dfaac2c8bb87a84ef2600c6/url (Caused by NewConnectionError('<urllib3.connection.HTTPConnection object at 0x000001D1CC822790>: Failed to establish a new connection: [WinError 10061] No connection could be made because the target machine actively refused it'))
2023-09-12 15:14:26,628 [ERROR] - Error scraping product: HTTPConnectionPool(host='localhost', port=59253): Max retries exceeded with url: /session/7624613c4dfaac2c8bb87a84ef2600c6/url (Caused by NewConnectionError('<urllib3.connection.HTTPConnection object at 0x000001D1CC8226D0>: Failed to establish a new connection: [WinError 10061] No connection could be made because the target machine actively refused it'))
2023-09-12 15:15:03,181 [ERROR] - Error scraping product: HTTPConnectionPool(host='localhost', port=59253): Max retries exceeded with url: /session/7624613c4dfaac2c8bb87a84ef2600c6/url (Caused by NewConnectionError('<urllib3.connection.HTTPConnection object at 0x000001D1CB0F5490>: Failed to establish a new connection: [WinError 10061] No connection could be made because the target machine actively refused it'))
2023-09-12 15:15:39,701 [ERROR] - Error scraping product: HTTPConnectionPool(host='localhost', port=59253): Max retries exceeded with url: /session/7624613c4dfaac2c8bb87a84ef2600c6/url (Caused by NewConnectionError('<urllib3.connection.HTTPConnection object at 0x000001D1CC83BA10>: Failed to establish a new connection: [WinError 10061] No connection could be made because the target machine actively refused it'))
2023-09-12 15:16:16,326 [ERROR] - Error scraping product: HTTPConnectionPool(host='localhost', port=59253): Max retries exceeded with url: /session/7624613c4dfaac2c8bb87a84ef2600c6/url (Caused by NewConnectionError('<urllib3.connection.HTTPConnection object at 0x000001D1CC8217D0>: Failed to establish a new connection: [WinError 10061] No connection could be made because the target machine actively refused it'))
2023-09-12 15:16:52,877 [ERROR] - Error scraping product: HTTPConnectionPool(host='localhost', port=59253): Max retries exceeded with url: /session/7624613c4dfaac2c8bb87a84ef2600c6/url (Caused by NewConnectionError('<urllib3.connection.HTTPConnection object at 0x000001D1CC8224D0>: Failed to establish a new connection: [WinError 10061] No connection could be made because the target machine actively refused it'))
2023-09-12 15:17:29,314 [ERROR] - Error scraping product: HTTPConnectionPool(host='localhost', port=59253): Max retries exceeded with url: /session/7624613c4dfaac2c8bb87a84ef2600c6/url (Caused by NewConnectionError('<urllib3.connection.HTTPConnection object at 0x000001D1CC83A290>: Failed to establish a new connection: [WinError 10061] No connection could be made because the target machine actively refused it'))
2023-09-12 15:35:41,320 [ERROR] - Unhandled Exception: Message: no such window: target window already closed
from unknown error: web view not found
  (Session info: chrome=116.0.5845.182)
Stacktrace:
	GetHandleVerifier [0x00007FF6FE5D52A2+57122]
	(No symbol) [0x00007FF6FE54EA92]
	(No symbol) [0x00007FF6FE41E3AB]
	(No symbol) [0x00007FF6FE3FE1B9]
	(No symbol) [0x00007FF6FE47B417]
	(No symbol) [0x00007FF6FE48E24F]
	(No symbol) [0x00007FF6FE476DB3]
	(No symbol) [0x00007FF6FE44D2B1]
	(No symbol) [0x00007FF6FE44E494]
	GetHandleVerifier [0x00007FF6FE87EF82+2849794]
	GetHandleVerifier [0x00007FF6FE8D1D24+3189156]
	GetHandleVerifier [0x00007FF6FE8CACAF+3160367]
	GetHandleVerifier [0x00007FF6FE666D06+653702]
	(No symbol) [0x00007FF6FE55A208]
	(No symbol) [0x00007FF6FE5562C4]
	(No symbol) [0x00007FF6FE5563F6]
	(No symbol) [0x00007FF6FE5467A3]
	BaseThreadInitThunk [0x00007FF8ECED26AD+29]
	RtlUserThreadStart [0x00007FF8EE44AA68+40]

