WARNING:root:Can not find chromedriver for currently installed chrome version.
DEBUG:scrapy.core.engine:Crawled (200) <GET https://chosithuoc.com/nuoc-suc-mieng-trang-sang-rang-listerine-bright-clean-250ml> (referer: https://chosithuoc.com/hoa-my-pham-trang-29/)
DEBUG:scrapy.core.engine:Crawled (200) <GET https://chosithuoc.com/sua-rua-mat-lenka-500ml> (referer: https://chosithuoc.com/hoa-my-pham-trang-22/)
DEBUG:scrapy.core.engine:Crawled (200) <GET https://chosithuoc.com/listerine-gumcare-750ml-nuoc-suc-mieng> (referer: https://chosithuoc.com/hoa-my-pham-trang-21/)
DEBUG:scrapy.core.engine:Crawled (200) <GET https://chosithuoc.com/nuoc-suc-mieng-diet-khuan-vi-khong-cay-listerine-zero-250ml> (referer: https://chosithuoc.com/hoa-my-pham-trang-29/)
DEBUG:scrapy.core.engine:Crawled (200) <GET https://chosithuoc.com/listerine-kids-mouthwash-250ml-nuoc-suc-mieng-cho-tre> (referer: https://chosithuoc.com/hoa-my-pham-trang-21/)
DEBUG:scrapy.core.engine:Crawled (200) <GET https://chosithuoc.com/sua-tam-ngan-ngua-mun-acnes-body-shower-chai-180ml> (referer: https://chosithuoc.com/hoa-my-pham-trang-26/)
DEBUG:scrapy.core.engine:Crawled (200) <GET https://chosithuoc.com/gel-rua-mat-ngua-mun-acnes-25-facial-wash-tuyt-100g> (referer: https://chosithuoc.com/hoa-my-pham-trang-26/)
DEBUG:scrapy.core.engine:Crawled (200) <GET https://chosithuoc.com/listerine-zero-100ml-nuoc-suc-mieng> (referer: https://chosithuoc.com/hoa-my-pham-trang-21/)
DEBUG:scrapy.core.engine:Crawled (200) <GET https://chosithuoc.com/listerine-healthy-bright-750ml-nuoc-suc-mieng> (referer: https://chosithuoc.com/hoa-my-pham-trang-21/)
DEBUG:scrapy.core.engine:Crawled (200) <GET https://chosithuoc.com/xit-hong-sinh-hoc-bdferm-bio-spray-30ml> (referer: https://chosithuoc.com/hoa-my-pham-trang-21/)
DEBUG:scrapy.core.engine:Crawled (200) <GET https://chosithuoc.com/kem-da-nang-grandpawpaw-25g> (referer: https://chosithuoc.com/hoa-my-pham-trang-22/)
DEBUG:scrapy.core.engine:Crawled (200) <GET https://chosithuoc.com/tay-te-bao-chet-ngan-ngua-mun-eucerin-pro-acne-solution-scrub-100ml> (referer: https://chosithuoc.com/hoa-my-pham-trang-32/)
DEBUG:scrapy.core.engine:Crawled (200) <GET https://chosithuoc.com/mat-na-bun-non-duong-da-acnes-baby-mud-mask-100gr> (referer: https://chosithuoc.com/hoa-my-pham-trang-26/)
DEBUG:scrapy.core.engine:Crawled (200) <GET https://chosithuoc.com/nuoc-suc-mieng-diet-khuan-huong-chanh-muoi-listerine-healthy-bright-natural-lemon--salt-500> (referer: https://chosithuoc.com/hoa-my-pham-trang-29/)
DEBUG:scrapy.core.engine:Crawled (200) <GET https://chosithuoc.com/nuoc-suc-mieng-diet-khuan-vi-khong-cay-listerine-zero-750ml> (referer: https://chosithuoc.com/hoa-my-pham-trang-29/)
DEBUG:scrapy.core.engine:Crawled (200) <GET https://chosithuoc.com/nuoc-suc-mieng-diet-khuan-huong-chanh-muoi-listerine-healthy-bright-natural-lemon--salt-250> (referer: https://chosithuoc.com/hoa-my-pham-trang-29/)
DEBUG:scrapy.core.engine:Crawled (200) <GET https://chosithuoc.com/kem-tri-mun-azaroin-gel-15g> (referer: https://chosithuoc.com/hoa-my-pham-trang-23/)
DEBUG:scrapy.core.engine:Crawled (200) <GET https://chosithuoc.com/dung-dich-duong-da-botanic-lotion-chai-100ml> (referer: https://chosithuoc.com/hoa-my-pham-trang-26/)
DEBUG:scrapy.core.engine:Crawled (200) <GET https://chosithuoc.com/tinh-chat-acnes-25-facial-serum-chai-20ml> (referer: https://chosithuoc.com/hoa-my-pham-trang-26/)
DEBUG:scrapy.core.engine:Crawled (200) <GET https://chosithuoc.com/sanyrene-urgo-20ml> (referer: https://chosithuoc.com/hoa-my-pham-trang-21/)
DEBUG:scrapy.core.engine:Crawled (200) <GET https://chosithuoc.com/kem-cham-sua-kutieskin-hop-30gr> (referer: https://chosithuoc.com/hoa-my-pham-trang-23/)
DEBUG:scrapy.core.engine:Crawled (200) <GET https://chosithuoc.com/gel-rua-mat-botanic-cleanser-tuyt-80g> (referer: https://chosithuoc.com/hoa-my-pham-trang-26/)
DEBUG:scrapy.core.engine:Crawled (200) <GET https://chosithuoc.com/tinh-chat-duong-da-botanic-essence-chai-30ml> (referer: https://chosithuoc.com/hoa-my-pham-trang-26/)
DEBUG:scrapy.core.engine:Crawled (200) <GET https://chosithuoc.com/kem-thoa-ngua-muoi-dot-rosabela-vuong-tram-huong-30g> (referer: https://chosithuoc.com/hoa-my-pham-trang-26/)
DEBUG:scrapy.core.engine:Crawled (200) <GET https://chosithuoc.com/bio-oil-dry-skin-gel-200ml-gel-duong-da> (referer: https://chosithuoc.com/hoa-my-pham-trang-21/)
DEBUG:scrapy.core.engine:Crawled (200) <GET https://chosithuoc.com/restylane-1ml-galderma-833> (referer: https://chosithuoc.com/hoa-my-pham-trang-22/)
DEBUG:scrapy.core.engine:Crawled (200) <GET https://chosithuoc.com/nuoc-suc-mieng-cham-soc-toan-dien-va-diet-khuan-listerine-total-care-250ml> (referer: https://chosithuoc.com/hoa-my-pham-trang-29/)
DEBUG:scrapy.core.engine:Crawled (200) <GET https://chosithuoc.com/kem-chong-nang-danh-cho-da-nhay-cam-voi-anh-nang-la-rocheposay-anthelios-pocket-spf50-30ml> (referer: https://chosithuoc.com/hoa-my-pham-trang-32/)
DEBUG:scrapy.core.engine:Crawled (200) <GET https://chosithuoc.com/gel-chong-nang-fixderma-shadow-spf-30-transparent-silicone-gel-30g> (referer: https://chosithuoc.com/hoa-my-pham-trang-23/)
DEBUG:scrapy.core.engine:Crawled (200) <GET https://chosithuoc.com/vien-ngam-chong-sau-rang-cho-tre-zentiva-fluoretten-025mg-hop-300-vien> (referer: https://chosithuoc.com/hoa-my-pham-trang-23/)
DEBUG:scrapy.core.engine:Crawled (200) <GET https://chosithuoc.com/nuoc-suc-mieng-listerine-cool-mint-100ml> (referer: https://chosithuoc.com/hoa-my-pham-trang-23/)
DEBUG:scrapy.core.engine:Crawled (200) <GET https://chosithuoc.com/aknicare-fast-cream-gel-30ml-kem-giam-mun-ngua-tham> (referer: https://chosithuoc.com/hoa-my-pham-trang-22/)
DEBUG:scrapy.core.engine:Crawled (200) <GET https://chosithuoc.com/kem-ngua-mun-yoosun-acnes-tuyp-15g> (referer: https://chosithuoc.com/hoa-my-pham-trang-23/)
DEBUG:scrapy.core.engine:Crawled (200) <GET https://chosithuoc.com/gel-dac-tri-hoi-nach-kobayashi-nhat-ban> (referer: https://chosithuoc.com/hoa-my-pham-trang-23/)
DEBUG:scrapy.core.engine:Crawled (200) <GET https://chosithuoc.com/xit-chong-muoi-rosabela-vuong-tram-huong-60ml> (referer: https://chosithuoc.com/hoa-my-pham-trang-26/)
DEBUG:scrapy.core.engine:Crawled (200) <GET https://chosithuoc.com/sanyrene-urgo-10ml> (referer: https://chosithuoc.com/hoa-my-pham-trang-21/)
DEBUG:scrapy.core.engine:Crawled (200) <GET https://chosithuoc.com/-combo-2-hop-tpbvsk-sinh-ly-nam-manup-12-vien> (referer: https://chosithuoc.com/hoa-my-pham-trang-26/)
DEBUG:scrapy.core.engine:Crawled (200) <GET https://chosithuoc.com/aknederm-bp-25-vitara-10g-kem-tri-mun> (referer: https://chosithuoc.com/hoa-my-pham-trang-21/)
DEBUG:scrapy.core.engine:Crawled (200) <GET https://chosithuoc.com/restylane-lidocaine-1ml-galderma> (referer: https://chosithuoc.com/hoa-my-pham-trang-22/)
INFO:scrapy.extensions.logstats:Crawled 668 pages (at 65 pages/min), scraped 7 items (at 0 items/min)
DEBUG:scrapy.core.engine:Crawled (200) <GET https://chosithuoc.com/ceradan-cream-30g-lieu-phap-cho-da-cham-viem-da-co-dia> (referer: https://chosithuoc.com/hoa-my-pham-trang-26/)
DEBUG:scrapy.core.engine:Crawled (200) <GET https://chosithuoc.com/thuoc-alphachymotrypsin-mebiphar-hop-200-vien> (referer: https://chosithuoc.com/hoa-my-pham-trang-26/)
DEBUG:scrapy.core.engine:Crawled (200) <GET https://chosithuoc.com/restylane-skinboost-vital-light-lido-1ml-galderma> (referer: https://chosithuoc.com/hoa-my-pham-trang-22/)
DEBUG:scrapy.core.engine:Crawled (200) <GET https://chosithuoc.com/lisdoub-agimexpharm-250ml-dung-dich-suc-mieng> (referer: https://chosithuoc.com/hoa-my-pham-trang-22/)
DEBUG:scrapy.core.engine:Crawled (200) <GET https://chosithuoc.com/restylane-skinboosters-vital-lidocaine-1ml-galderma-130> (referer: https://chosithuoc.com/hoa-my-pham-trang-22/)
DEBUG:scrapy.core.engine:Crawled (200) <GET https://chosithuoc.com/sua-rua-mat-tra-xanh-shirochasou-green-tea-foam-nhat-ban-120g> (referer: https://chosithuoc.com/hoa-my-pham-trang-24/)
DEBUG:scrapy.core.engine:Crawled (200) <GET https://chosithuoc.com/dokudami-natural-skin-lotion-500ml-nuoc-hoa-hong-diep-ca> (referer: https://chosithuoc.com/hoa-my-pham-trang-21/)
DEBUG:scrapy.core.engine:Crawled (200) <GET https://chosithuoc.com/kin-gingival-012-nuoc-suc-mieng> (referer: https://chosithuoc.com/hoa-my-pham-trang-22/)
DEBUG:scrapy.core.engine:Crawled (200) <GET https://chosithuoc.com/set-3-chai-sua-rua-mat-cetaphil-gentle-skin-cleanser-591ml-x-2-118ml> (referer: https://chosithuoc.com/hoa-my-pham-trang-24/)
DEBUG:scrapy.core.engine:Crawled (200) <GET https://chosithuoc.com/sua-rua-mat-hatomugi-naturie-y-di-nhat-ban> (referer: https://chosithuoc.com/hoa-my-pham-trang-24/)
DEBUG:scrapy.core.engine:Crawled (200) <GET https://chosithuoc.com/gel-duong-am-neutrogena-hydro-boost-gel-cream-extra-dry-skin-48g> (referer: https://chosithuoc.com/hoa-my-pham-trang-24/)
DEBUG:scrapy.core.engine:Crawled (200) <GET https://chosithuoc.com/serum-tre-hoa-lan-da-fixderma-reticuram-serum-15ml> (referer: https://chosithuoc.com/hoa-my-pham-trang-23/)
DEBUG:scrapy.core.engine:Crawled (200) <GET https://chosithuoc.com/kem-nhau-thai-cuu-costar-placenta-cream-100g> (referer: https://chosithuoc.com/hoa-my-pham-trang-24/)
